Arguments: 
  D:\nodejs\node.exe D:\nodejs\node_modules\yarn\bin\yarn.js add @type/nprogress

PATH: 
  C:\Users\daxiong\bin;D:\Program Files\Git\mingw64\bin;D:\Program Files\Git\usr\local\bin;D:\Program Files\Git\usr\bin;D:\Program Files\Git\usr\bin;D:\Program Files\Git\mingw64\bin;D:\Program Files\Git\usr\bin;C:\Users\daxiong\bin;C:\Program Files (x86)\Common Files\Oracle\Java\javapath;C:\Windows\system32;C:\Windows;C:\Windows\System32\Wbem;C:\Windows\System32\WindowsPowerShell\v1.0;C:\Windows\System32\OpenSSH;D:\Git\cmd;D:\Program Files\NetSarang\Xftp 7;D:\Program Files\NetSarang\Xshell 7;C:\Windows\System32;D:\phpstudy_pro\Extensions\php\php7.4.3nts;D:\mingw64\bin;C:\Program Files\Docker\Docker\resources\bin;C:\ProgramData\DockerDesktop\version-bin;D:\nvm;D:\nodejs;D:\nvm;C:\Users\daxiong\AppData\Local\Programs\Python\Python39\Scripts;C:\Users\daxiong\AppData\Local\Programs\Python\Python39;C:\Users\daxiong\AppData\Local\Microsoft\WindowsApps;D:\Program Files\JetBrains\PhpStorm 2020.1\bin;C:\Users\daxiong\AppData\Local\Programs\Microsoft VS Code\bin;C:\Windows\system32;C:\Users\daxiong\go\bin;D:\Program Files\JetBrains\GoLand 2019.3.4\bin;D:\nvm;D:\g1.2.1.windows-amd64;C:\Users\daxiong\.g\go\bin;D:\Program Files\Git\usr\bin\vendor_perl;D:\Program Files\Git\usr\bin\core_perl

Yarn version: 
  1.22.17

Node version: 
  17.0.1

Platform: 
  win32 x64

Trace: 
  Error: https://registry.npm.taobao.org/@type%2fnprogress: Not found
      at Request.params.callback [as _callback] (D:\nvm\v17.0.1\node_modules\yarn\lib\cli.js:67029:18)
      at Request.self.callback (D:\nvm\v17.0.1\node_modules\yarn\lib\cli.js:140883:22)
      at Request.emit (node:events:390:28)
      at Request.<anonymous> (D:\nvm\v17.0.1\node_modules\yarn\lib\cli.js:141855:10)
      at Request.emit (node:events:390:28)
      at IncomingMessage.<anonymous> (D:\nvm\v17.0.1\node_modules\yarn\lib\cli.js:141777:12)
      at Object.onceWrapper (node:events:509:28)
      at IncomingMessage.emit (node:events:402:35)
      at endReadableNT (node:internal/streams/readable:1340:12)
      at processTicksAndRejections (node:internal/process/task_queues:83:21)

npm manifest: 
  {
    "name": "reacte-admin",
    "version": "0.0.0",
    "scripts": {
      "dev": "vite --port=3333",
      "build": "tsc && vite build",
      "preview": "vite preview"
    },
    "dependencies": {
      "@ant-design/charts": "^1.3.3",
      "@ant-design/pro-field": "^1.31.3",
      "@ant-design/pro-form": "^1.52.3",
      "@ant-design/pro-layout": "^6.31.7",
      "@ant-design/pro-table": "^2.61.7",
      "antd": "^4.17.4",
      "autoprefixer": "^10.4.0",
      "axios": "^0.24.0",
      "classnames": "^2.3.1",
      "cypress": "^9.2.0",
      "driver.js": "^0.9.8",
      "history": "^5.2.0",
      "mockjs": "^1.1.0",
      "nprogress": "^0.2.0",
      "qs": "^6.10.2",
      "react": "^17.0.2",
      "react-app-polyfill": "^3.0.0",
      "react-dev-utils": "^12.0.0",
      "react-dom": "^17.0.2",
      "react-error-boundary": "^3.1.4",
      "react-helmet": "^6.1.0",
      "react-intl": "^5.24.0",
      "react-markdown": "^7.1.1",
      "react-query": "^3.34.6",
      "react-router-dom": "^6.2.1",
      "react-transition-group": "^4.4.2",
      "recharts": "^2.1.8",
      "recoil": "^0.5.2",
      "screenfull": "^6.0.0",
      "stringify": "^5.2.0",
      "tailwindcss": "^3.0.7",
      "todomvc-app-css": "^2.4.1",
      "typescript": "^4.5.4",
      "web-vitals": "^2.1.2"
    },
    "devDependencies": {
      "@types/classnames": "^2.3.1",
      "@types/node": "^17.0.4",
      "@types/nprogress": "^0.2.0",
      "@types/qs": "^6.9.7",
      "@types/react": "^17.0.38",
      "@types/react-color": "^3.0.6",
      "@types/react-dom": "^17.0.11",
      "@types/react-helmet": "^6.1.5",
      "@types/react-router-dom": "^5.3.2",
      "@types/react-transition-group": "^4.4.4",
      "@types/recharts": "^1.8.23",
      "@typescript-eslint/eslint-plugin": "^5.8.0",
      "@typescript-eslint/parser": "^5.8.0",
      "@vitejs/plugin-react-refresh": "^1.3.6",
      "eslint": "^8.5.0",
      "eslint-config-alloy": "^4.4.0",
      "eslint-plugin-react": "^7.28.0",
      "less": "^4.1.1",
      "prettier": "^2.5.1",
      "vite": "^2.7.7",
      "vite-aliases": "^0.8.7",
      "vite-plugin-imp": "^2.0.11",
      "vite-plugin-mock": "^2.9.6",
      "vite-plugin-style-import": "^1.4.0",
      "vite-plugin-svgr": "^0.6.0"
    }
  }

yarn manifest: 
  No manifest

Lockfile: 
  No lockfile
